<?xml version="1.0" encoding="UTF-8"?>
<!-- Generated by org.testng.reporters.JUnitReportReporter -->
<testsuite skipped="0" hostname="DESKTOP-IRELU1G" name="com.training.sanity.tests.LoginTests" tests="1" failures="0" timestamp="07 Jan 2020 02:45:24 GMT" time="31.333" errors="0">
  <testcase name="validLoginTest" time="31.333" classname="com.training.sanity.tests.LoginTests"/>
</testsuite> <!-- com.training.sanity.tests.LoginTests -->
